#
# A fatal error has been detected by the Java Runtime Environment:
#
#  EXCEPTION_ACCESS_VIOLATION (0xc0000005) at pc=0x000002240002b3af, pid=44684, tid=46684
#
# JRE version: OpenJDK Runtime Environment Temurin-11.0.17+8 (11.0.17+8) (build 11.0.17+8)
# Java VM: OpenJDK 64-Bit Server VM Temurin-11.0.17+8 (11.0.17+8, mixed mode, tiered, compressed oops, g1 gc, windows-amd64)
# Problematic frame:
# j  ex30.Solution.solution(I[Ljava/lang/String;)I+75
#
# No core dump will be written. Minidumps are not enabled by default on client versions of Windows
#
# If you would like to submit a bug report, please visit:
#   https://github.com/adoptium/adoptium-support/issues
#

---------------  S U M M A R Y ------------

Command Line: -agentlib:jdwp=transport=dt_socket,suspend=y,address=localhost:54705 -javaagent:C:\sts-bundle\sts-3.9.16.RELEASE\configuration\org.eclipse.osgi\301\0\.cp\lib\javaagent-shaded.jar -Dfile.encoding=UTF-8 ex30.Main

Host: AMD Ryzen 5 4500U with Radeon Graphics         , 6 cores, 7G,  Windows 11 , 64 bit Build 22621 (10.0.22621.4830)
Time: Tue Mar 11 18:51:58 2025  Windows 11 , 64 bit Build 22621 (10.0.22621.4830) elapsed time: 1016.468913 seconds (0d 0h 16m 56s)

---------------  T H R E A D  ---------------

Current thread (0x00000224697ac800):  JavaThread "main" [_thread_in_Java, id=46684, stack(0x0000008305300000,0x0000008305400000)]

Stack: [0x0000008305300000,0x0000008305400000],  sp=0x00000083053ff368,  free space=1020k
Native frames: (J=compiled Java code, j=interpreted, Vv=VM code, C=native code)
C  0x000002240002b3af


siginfo: EXCEPTION_ACCESS_VIOLATION (0xc0000005), reading address 0x000002247a8ddf60


Register to memory mapping:

RIP=0x000002240002b3af is at code_begin+79 in an Interpreter codelet
invokeinterface  185 invokeinterface  [0x000002240002b360, 0x000002240002c100]  3488 bytes
RAX=0x00000000911b5298 is an oop: java.util.ArrayDeque 
{0x00000000911b5298} - klass: 'java/util/ArrayDeque'
RBX=0x00000000000000b9 is an unknown value
RCX=0x000002247a749e80 is pointing into metadata
RDX=0x0000000000032818 is an unknown value
RSP=0x00000083053ff368 is pointing into the stack for thread: 0x00000224697ac800
RBP=0x00000083053ff3b8 is pointing into the stack for thread: 0x00000224697ac800
RSI=0x0 is NULL
RDI=0x0000000000200031 is an unknown value
R8 =0x0000000000000002 is an unknown value
R9 =0x0000000000000002 is an unknown value
R10=0x00007ff82e9be0c0 jvm.dll
R11={method} {0x0000022479162258} 'size' '()I' in 'java/util/ArrayDeque'
R12=0x0 is NULL
R13=0x000002247a749943 is pointing into metadata
R14=0x00000083053ff3f0 is pointing into the stack for thread: 0x00000224697ac800
R15=0x00000224697ac800 is a thread


Registers:
RAX=0x00000000911b5298, RBX=0x00000000000000b9, RCX=0x000002247a749e80, RDX=0x0000000000032818
RSP=0x00000083053ff368, RBP=0x00000083053ff3b8, RSI=0x0000000000000000, RDI=0x0000000000200031
R8 =0x0000000000000002, R9 =0x0000000000000002, R10=0x00007ff82e9be0c0, R11=0x0000022479162250
R12=0x0000000000000000, R13=0x000002247a749943, R14=0x00000083053ff3f0, R15=0x00000224697ac800
RIP=0x000002240002b3af, EFLAGS=0x0000000000010216

Top of Stack: (sp=0x00000083053ff368)
0x00000083053ff368:   00000000911b5298 00000083053ff370
0x00000083053ff378:   000002247a749943 00000083053ff3f0
0x00000083053ff388:   000002247a749e80 0000000000000000
0x00000083053ff398:   00000000911b4ab8 000002247a7499c0
0x00000083053ff3a8:   0000000000000000 00000083053ff3e0
0x00000083053ff3b8:   00000083053ff440 000002240000bf98
0x00000083053ff3c8:   0000000000000003 00000000911b5298
0x00000083053ff3d8:   0000000000000010 00000000911b4cc0
0x00000083053ff3e8:   0000000000000003 00000000911b4cb0
0x00000083053ff3f8:   00000083053ff3f8 000002247a7489c1
0x00000083053ff408:   00000083053ff460 000002247a748bf8
0x00000083053ff418:   0000000000000000 00000000911b0ad8
0x00000083053ff428:   000002247a748b88 00000083053ff3e0
0x00000083053ff438:   00000083053ff460 00000083053ff640
0x00000083053ff448:   0000022400001010 00000000911b4cb0
0x00000083053ff458:   0000000000000000 00000000911b0dc0 

Instructions: (pc=0x000002240002b3af)
0x000002240002b2af:   08 49 f7 c5 fc ff ff ff 74 38 49 f7 c5 02 00 00
0x000002240002b2bf:   00 75 2f 48 81 78 08 00 00 00 00 74 21 48 81 78
0x000002240002b2cf:   08 01 00 00 00 74 17 4c 33 68 08 49 f7 c5 fc ff
0x000002240002b2df:   ff ff 74 0e 48 81 48 08 02 00 00 00 eb 04 4c 89
0x000002240002b2ef:   68 08 48 83 c0 10 4c 8b 68 d8 41 83 ed 04 41 c1
0x000002240002b2ff:   e5 03 49 03 c5 48 89 45 d8 4c 8d 6c 24 08 4c 89
0x000002240002b30f:   6d f0 41 80 bf b8 04 00 00 00 74 03 ff 63 30 ff
0x000002240002b31f:   63 48 0f 1f 80 00 00 00 00 00 00 00 00 00 00 00
0x000002240002b32f:   00 00 00 00 00 00 00 00 00 00 00 00 00 00 00 00
0x000002240002b33f:   00 c0 0d 00 00 00 00 00 00 88 06 77 2e f8 7f 00
0x000002240002b34f:   00 b9 00 00 00 00 00 00 00 00 00 00 00 00 00 00
0x000002240002b35f:   00 50 e9 39 00 00 00 48 83 ec 08 c5 fa 11 04 24
0x000002240002b36f:   e9 2b 00 00 00 48 83 ec 10 c5 fb 11 04 24 e9 1d
0x000002240002b37f:   00 00 00 48 83 ec 10 48 89 04 24 49 ba 00 00 00
0x000002240002b38f:   00 00 00 00 00 4c 89 54 24 08 e9 01 00 00 00 50
0x000002240002b39f:   4c 89 6d c0 41 0f b7 55 01 48 8b 4d d0 c1 e2 02
0x000002240002b3af:   8b 5c d1 20 c1 eb 10 81 e3 ff 00 00 00 81 fb b9
0x000002240002b3bf:   00 00 00 0f 84 8a 01 00 00 bb b9 00 00 00 e8 05
0x000002240002b3cf:   00 00 00 e9 6f 01 00 00 48 8b d3 48 8d 44 24 08
0x000002240002b3df:   4c 89 6d c0 49 8b cf c5 f8 77 49 89 af 38 03 00
0x000002240002b3ef:   00 49 89 87 28 03 00 00 48 83 ec 20 f7 c4 0f 00
0x000002240002b3ff:   00 00 0f 84 1a 00 00 00 48 83 ec 08 49 ba 90 75
0x000002240002b40f:   26 2e f8 7f 00 00 41 ff d2 48 83 c4 08 e9 0d 00
0x000002240002b41f:   00 00 49 ba 90 75 26 2e f8 7f 00 00 41 ff d2 48
0x000002240002b42f:   83 c4 20 49 ba 00 00 00 00 00 00 00 00 4d 89 97
0x000002240002b43f:   28 03 00 00 49 ba 00 00 00 00 00 00 00 00 4d 89
0x000002240002b44f:   97 38 03 00 00 49 ba 00 00 00 00 00 00 00 00 4d
0x000002240002b45f:   89 97 30 03 00 00 c5 f8 77 41 8b 8f 64 04 00 00
0x000002240002b46f:   f7 c1 01 00 00 00 0f 84 49 00 00 00 f7 c1 02 00
0x000002240002b47f:   00 00 0f 85 3d 00 00 00 48 83 ec 20 f7 c4 0f 00
0x000002240002b48f:   00 00 0f 84 1a 00 00 00 48 83 ec 08 49 ba 30 0a
0x000002240002b49f:   26 2e f8 7f 00 00 41 ff d2 48 83 c4 08 e9 0d 00 


Stack slot to memory mapping:
stack at sp + 0 slots: 0x00000000911b5298 is an oop: java.util.ArrayDeque 
{0x00000000911b5298} - klass: 'java/util/ArrayDeque'
stack at sp + 1 slots: 0x00000083053ff370 is pointing into the stack for thread: 0x00000224697ac800
stack at sp + 2 slots: 0x000002247a749943 is pointing into metadata
stack at sp + 3 slots: 0x00000083053ff3f0 is pointing into the stack for thread: 0x00000224697ac800
stack at sp + 4 slots: 0x000002247a749e80 is pointing into metadata
stack at sp + 5 slots: 0x0 is NULL
stack at sp + 6 slots: 0x00000000911b4ab8 is an oop: java.lang.Class 
{0x00000000911b4ab8} - klass: 'java/lang/Class'
stack at sp + 7 slots: {method} {0x000002247a7499c8} 'solution' '(I[Ljava/lang/String;)I' in 'ex30/Solution'

invokeinterface  185 invokeinterface  [0x000002240002b360, 0x000002240002c100]  3488 bytes

---------------  P R O C E S S  ---------------

Threads class SMR info:
_java_thread_list=0x00000224799bb6e0, length=13, elements={
0x00000224697ac800, 0x0000022478e5d000, 0x0000022478e66000, 0x0000022478e8d000,
0x0000022478e8d800, 0x0000022478e8e800, 0x000002247978c000, 0x0000022478e97800,
0x0000022478e9a000, 0x00000224798f6000, 0x0000022479b0d000, 0x0000022479b10000,
0x0000022479aed000
}
_to_delete_list=0x00000224799baf60, length=12, elements={
0x00000224697ac800, 0x0000022478e5d000, 0x0000022478e66000, 0x0000022478e8d000,
0x0000022478e8d800, 0x0000022478e8e800, 0x000002247978c000, 0x0000022478e97800,
0x0000022478e9a000, 0x00000224798f6000, 0x0000022479b0d000, 0x0000022479b10000
}

Java Threads: ( => current thread )
=>0x00000224697ac800 JavaThread "main" [_thread_in_Java, id=46684, stack(0x0000008305300000,0x0000008305400000)]
  0x0000022478e5d000 JavaThread "Reference Handler" daemon [_thread_blocked, id=12328, stack(0x0000008305a00000,0x0000008305b00000)]
  0x0000022478e66000 JavaThread "Finalizer" daemon [_thread_blocked, id=38436, stack(0x0000008305b00000,0x0000008305c00000)]
  0x0000022478e8d000 JavaThread "Signal Dispatcher" daemon [_thread_blocked, id=33920, stack(0x0000008305c00000,0x0000008305d00000)]
  0x0000022478e8d800 JavaThread "Attach Listener" daemon [_thread_blocked, id=43068, stack(0x0000008305d00000,0x0000008305e00000)]
  0x0000022478e8e800 JavaThread "Service Thread" daemon [_thread_blocked, id=24892, stack(0x0000008305e00000,0x0000008305f00000)]
  0x000002247978c000 JavaThread "C2 CompilerThread0" daemon [_thread_blocked, id=21180, stack(0x0000008305f00000,0x0000008306000000)]
  0x0000022478e97800 JavaThread "C1 CompilerThread0" daemon [_thread_blocked, id=12680, stack(0x0000008306000000,0x0000008306100000)]
  0x0000022478e9a000 JavaThread "Sweeper thread" daemon [_thread_blocked, id=35184, stack(0x0000008306100000,0x0000008306200000)]
  0x00000224798f6000 JavaThread "Common-Cleaner" daemon [_thread_blocked, id=19104, stack(0x0000008306200000,0x0000008306300000)]
  0x0000022479b0d000 JavaThread "JDWP Transport Listener: dt_socket" daemon [_thread_blocked, id=38044, stack(0x0000008306300000,0x0000008306400000)]
  0x0000022479b10000 JavaThread "JDWP Event Helper Thread" daemon [_thread_blocked, id=5812, stack(0x0000008306400000,0x0000008306500000)]
  0x0000022479aed000 JavaThread "JDWP Command Reader" daemon [_thread_in_native, id=19704, stack(0x0000008306500000,0x0000008306600000)]

Other Threads:
  0x0000022478e39000 VMThread "VM Thread" [stack: 0x0000008305900000,0x0000008305a00000] [id=30048]
  0x0000022479f4b800 WatcherThread [stack: 0x0000008306600000,0x0000008306700000] [id=36972]
  0x00000224697c7800 GCTaskThread "GC Thread#0" [stack: 0x0000008305400000,0x0000008305500000] [id=35912]
  0x00000224697f7800 ConcurrentGCThread "G1 Main Marker" [stack: 0x0000008305500000,0x0000008305600000] [id=30356]
  0x00000224697f9800 ConcurrentGCThread "G1 Conc#0" [stack: 0x0000008305600000,0x0000008305700000] [id=19428]
  0x0000022478ca4800 ConcurrentGCThread "G1 Refine#0" [stack: 0x0000008305700000,0x0000008305800000] [id=30588]
  0x0000022478ca5000 ConcurrentGCThread "G1 Young RemSet Sampling" [stack: 0x0000008305800000,0x0000008305900000] [id=46000]

Threads with active compile tasks:

VM state:not at safepoint (normal execution)

VM Mutex/Monitor currently owned by a thread: None

Heap address: 0x000000008a200000, size: 1886 MB, Compressed Oops mode: 32-bit
Narrow klass base: 0x0000000000000000, Narrow klass shift: 3
Compressed class space size: 1073741824 Address: 0x0000000100000000

Heap:
 garbage-first heap   total 120832K, used 6144K [0x000000008a200000, 0x0000000100000000)
  region size 1024K, 7 young (7168K), 0 survivors (0K)
 Metaspace       used 9737K, capacity 9849K, committed 10112K, reserved 1058816K
  class space    used 841K, capacity 876K, committed 896K, reserved 1048576K
Heap Regions: E=young(eden), S=young(survivor), O=old, HS=humongous(starts), HC=humongous(continues), CS=collection set, F=free, A=archive, TAMS=top-at-mark-start (previous, next)
|   0|0x000000008a200000, 0x000000008a200000, 0x000000008a300000|  0%| F|  |TAMS 0x000000008a200000, 0x000000008a200000| Untracked 
|   1|0x000000008a300000, 0x000000008a300000, 0x000000008a400000|  0%| F|  |TAMS 0x000000008a300000, 0x000000008a300000| Untracked 
|   2|0x000000008a400000, 0x000000008a400000, 0x000000008a500000|  0%| F|  |TAMS 0x000000008a400000, 0x000000008a400000| Untracked 
|   3|0x000000008a500000, 0x000000008a500000, 0x000000008a600000|  0%| F|  |TAMS 0x000000008a500000, 0x000000008a500000| Untracked 
|   4|0x000000008a600000, 0x000000008a600000, 0x000000008a700000|  0%| F|  |TAMS 0x000000008a600000, 0x000000008a600000| Untracked 
|   5|0x000000008a700000, 0x000000008a700000, 0x000000008a800000|  0%| F|  |TAMS 0x000000008a700000, 0x000000008a700000| Untracked 
|   6|0x000000008a800000, 0x000000008a800000, 0x000000008a900000|  0%| F|  |TAMS 0x000000008a800000, 0x000000008a800000| Untracked 
|   7|0x000000008a900000, 0x000000008a900000, 0x000000008aa00000|  0%| F|  |TAMS 0x000000008a900000, 0x000000008a900000| Untracked 
|   8|0x000000008aa00000, 0x000000008aa00000, 0x000000008ab00000|  0%| F|  |TAMS 0x000000008aa00000, 0x000000008aa00000| Untracked 
|   9|0x000000008ab00000, 0x000000008ab00000, 0x000000008ac00000|  0%| F|  |TAMS 0x000000008ab00000, 0x000000008ab00000| Untracked 
|  10|0x000000008ac00000, 0x000000008ac00000, 0x000000008ad00000|  0%| F|  |TAMS 0x000000008ac00000, 0x000000008ac00000| Untracked 
|  11|0x000000008ad00000, 0x000000008ad00000, 0x000000008ae00000|  0%| F|  |TAMS 0x000000008ad00000, 0x000000008ad00000| Untracked 
|  12|0x000000008ae00000, 0x000000008ae00000, 0x000000008af00000|  0%| F|  |TAMS 0x000000008ae00000, 0x000000008ae00000| Untracked 
|  13|0x000000008af00000, 0x000000008af00000, 0x000000008b000000|  0%| F|  |TAMS 0x000000008af00000, 0x000000008af00000| Untracked 
|  14|0x000000008b000000, 0x000000008b000000, 0x000000008b100000|  0%| F|  |TAMS 0x000000008b000000, 0x000000008b000000| Untracked 
|  15|0x000000008b100000, 0x000000008b100000, 0x000000008b200000|  0%| F|  |TAMS 0x000000008b100000, 0x000000008b100000| Untracked 
|  16|0x000000008b200000, 0x000000008b200000, 0x000000008b300000|  0%| F|  |TAMS 0x000000008b200000, 0x000000008b200000| Untracked 
|  17|0x000000008b300000, 0x000000008b300000, 0x000000008b400000|  0%| F|  |TAMS 0x000000008b300000, 0x000000008b300000| Untracked 
|  18|0x000000008b400000, 0x000000008b400000, 0x000000008b500000|  0%| F|  |TAMS 0x000000008b400000, 0x000000008b400000| Untracked 
|  19|0x000000008b500000, 0x000000008b500000, 0x000000008b600000|  0%| F|  |TAMS 0x000000008b500000, 0x000000008b500000| Untracked 
|  20|0x000000008b600000, 0x000000008b600000, 0x000000008b700000|  0%| F|  |TAMS 0x000000008b600000, 0x000000008b600000| Untracked 
|  21|0x000000008b700000, 0x000000008b700000, 0x000000008b800000|  0%| F|  |TAMS 0x000000008b700000, 0x000000008b700000| Untracked 
|  22|0x000000008b800000, 0x000000008b800000, 0x000000008b900000|  0%| F|  |TAMS 0x000000008b800000, 0x000000008b800000| Untracked 
|  23|0x000000008b900000, 0x000000008b900000, 0x000000008ba00000|  0%| F|  |TAMS 0x000000008b900000, 0x000000008b900000| Untracked 
|  24|0x000000008ba00000, 0x000000008ba00000, 0x000000008bb00000|  0%| F|  |TAMS 0x000000008ba00000, 0x000000008ba00000| Untracked 
|  25|0x000000008bb00000, 0x000000008bb00000, 0x000000008bc00000|  0%| F|  |TAMS 0x000000008bb00000, 0x000000008bb00000| Untracked 
|  26|0x000000008bc00000, 0x000000008bc00000, 0x000000008bd00000|  0%| F|  |TAMS 0x000000008bc00000, 0x000000008bc00000| Untracked 
|  27|0x000000008bd00000, 0x000000008bd00000, 0x000000008be00000|  0%| F|  |TAMS 0x000000008bd00000, 0x000000008bd00000| Untracked 
|  28|0x000000008be00000, 0x000000008be00000, 0x000000008bf00000|  0%| F|  |TAMS 0x000000008be00000, 0x000000008be00000| Untracked 
|  29|0x000000008bf00000, 0x000000008bf00000, 0x000000008c000000|  0%| F|  |TAMS 0x000000008bf00000, 0x000000008bf00000| Untracked 
|  30|0x000000008c000000, 0x000000008c000000, 0x000000008c100000|  0%| F|  |TAMS 0x000000008c000000, 0x000000008c000000| Untracked 
|  31|0x000000008c100000, 0x000000008c100000, 0x000000008c200000|  0%| F|  |TAMS 0x000000008c100000, 0x000000008c100000| Untracked 
|  32|0x000000008c200000, 0x000000008c200000, 0x000000008c300000|  0%| F|  |TAMS 0x000000008c200000, 0x000000008c200000| Untracked 
|  33|0x000000008c300000, 0x000000008c300000, 0x000000008c400000|  0%| F|  |TAMS 0x000000008c300000, 0x000000008c300000| Untracked 
|  34|0x000000008c400000, 0x000000008c400000, 0x000000008c500000|  0%| F|  |TAMS 0x000000008c400000, 0x000000008c400000| Untracked 
|  35|0x000000008c500000, 0x000000008c500000, 0x000000008c600000|  0%| F|  |TAMS 0x000000008c500000, 0x000000008c500000| Untracked 
|  36|0x000000008c600000, 0x000000008c600000, 0x000000008c700000|  0%| F|  |TAMS 0x000000008c600000, 0x000000008c600000| Untracked 
|  37|0x000000008c700000, 0x000000008c700000, 0x000000008c800000|  0%| F|  |TAMS 0x000000008c700000, 0x000000008c700000| Untracked 
|  38|0x000000008c800000, 0x000000008c800000, 0x000000008c900000|  0%| F|  |TAMS 0x000000008c800000, 0x000000008c800000| Untracked 
|  39|0x000000008c900000, 0x000000008c900000, 0x000000008ca00000|  0%| F|  |TAMS 0x000000008c900000, 0x000000008c900000| Untracked 
|  40|0x000000008ca00000, 0x000000008ca00000, 0x000000008cb00000|  0%| F|  |TAMS 0x000000008ca00000, 0x000000008ca00000| Untracked 
|  41|0x000000008cb00000, 0x000000008cb00000, 0x000000008cc00000|  0%| F|  |TAMS 0x000000008cb00000, 0x000000008cb00000| Untracked 
|  42|0x000000008cc00000, 0x000000008cc00000, 0x000000008cd00000|  0%| F|  |TAMS 0x000000008cc00000, 0x000000008cc00000| Untracked 
|  43|0x000000008cd00000, 0x000000008cd00000, 0x000000008ce00000|  0%| F|  |TAMS 0x000000008cd00000, 0x000000008cd00000| Untracked 
|  44|0x000000008ce00000, 0x000000008ce00000, 0x000000008cf00000|  0%| F|  |TAMS 0x000000008ce00000, 0x000000008ce00000| Untracked 
|  45|0x000000008cf00000, 0x000000008cf00000, 0x000000008d000000|  0%| F|  |TAMS 0x000000008cf00000, 0x000000008cf00000| Untracked 
|  46|0x000000008d000000, 0x000000008d000000, 0x000000008d100000|  0%| F|  |TAMS 0x000000008d000000, 0x000000008d000000| Untracked 
|  47|0x000000008d100000, 0x000000008d100000, 0x000000008d200000|  0%| F|  |TAMS 0x000000008d100000, 0x000000008d100000| Untracked 
|  48|0x000000008d200000, 0x000000008d200000, 0x000000008d300000|  0%| F|  |TAMS 0x000000008d200000, 0x000000008d200000| Untracked 
|  49|0x000000008d300000, 0x000000008d300000, 0x000000008d400000|  0%| F|  |TAMS 0x000000008d300000, 0x000000008d300000| Untracked 
|  50|0x000000008d400000, 0x000000008d400000, 0x000000008d500000|  0%| F|  |TAMS 0x000000008d400000, 0x000000008d400000| Untracked 
|  51|0x000000008d500000, 0x000000008d500000, 0x000000008d600000|  0%| F|  |TAMS 0x000000008d500000, 0x000000008d500000| Untracked 
|  52|0x000000008d600000, 0x000000008d600000, 0x000000008d700000|  0%| F|  |TAMS 0x000000008d600000, 0x000000008d600000| Untracked 
|  53|0x000000008d700000, 0x000000008d700000, 0x000000008d800000|  0%| F|  |TAMS 0x000000008d700000, 0x000000008d700000| Untracked 
|  54|0x000000008d800000, 0x000000008d800000, 0x000000008d900000|  0%| F|  |TAMS 0x000000008d800000, 0x000000008d800000| Untracked 
|  55|0x000000008d900000, 0x000000008d900000, 0x000000008da00000|  0%| F|  |TAMS 0x000000008d900000, 0x000000008d900000| Untracked 
|  56|0x000000008da00000, 0x000000008da00000, 0x000000008db00000|  0%| F|  |TAMS 0x000000008da00000, 0x000000008da00000| Untracked 
|  57|0x000000008db00000, 0x000000008db00000, 0x000000008dc00000|  0%| F|  |TAMS 0x000000008db00000, 0x000000008db00000| Untracked 
|  58|0x000000008dc00000, 0x000000008dc00000, 0x000000008dd00000|  0%| F|  |TAMS 0x000000008dc00000, 0x000000008dc00000| Untracked 
|  59|0x000000008dd00000, 0x000000008dd00000, 0x000000008de00000|  0%| F|  |TAMS 0x000000008dd00000, 0x000000008dd00000| Untracked 
|  60|0x000000008de00000, 0x000000008de00000, 0x000000008df00000|  0%| F|  |TAMS 0x000000008de00000, 0x000000008de00000| Untracked 
|  61|0x000000008df00000, 0x000000008df00000, 0x000000008e000000|  0%| F|  |TAMS 0x000000008df00000, 0x000000008df00000| Untracked 
|  62|0x000000008e000000, 0x000000008e000000, 0x000000008e100000|  0%| F|  |TAMS 0x000000008e000000, 0x000000008e000000| Untracked 
|  63|0x000000008e100000, 0x000000008e100000, 0x000000008e200000|  0%| F|  |TAMS 0x000000008e100000, 0x000000008e100000| Untracked 
|  64|0x000000008e200000, 0x000000008e200000, 0x000000008e300000|  0%| F|  |TAMS 0x000000008e200000, 0x000000008e200000| Untracked 
|  65|0x000000008e300000, 0x000000008e300000, 0x000000008e400000|  0%| F|  |TAMS 0x000000008e300000, 0x000000008e300000| Untracked 
|  66|0x000000008e400000, 0x000000008e400000, 0x000000008e500000|  0%| F|  |TAMS 0x000000008e400000, 0x000000008e400000| Untracked 
|  67|0x000000008e500000, 0x000000008e500000, 0x000000008e600000|  0%| F|  |TAMS 0x000000008e500000, 0x000000008e500000| Untracked 
|  68|0x000000008e600000, 0x000000008e600000, 0x000000008e700000|  0%| F|  |TAMS 0x000000008e600000, 0x000000008e600000| Untracked 
|  69|0x000000008e700000, 0x000000008e700000, 0x000000008e800000|  0%| F|  |TAMS 0x000000008e700000, 0x000000008e700000| Untracked 
|  70|0x000000008e800000, 0x000000008e800000, 0x000000008e900000|  0%| F|  |TAMS 0x000000008e800000, 0x000000008e800000| Untracked 
|  71|0x000000008e900000, 0x000000008e900000, 0x000000008ea00000|  0%| F|  |TAMS 0x000000008e900000, 0x000000008e900000| Untracked 
|  72|0x000000008ea00000, 0x000000008ea00000, 0x000000008eb00000|  0%| F|  |TAMS 0x000000008ea00000, 0x000000008ea00000| Untracked 
|  73|0x000000008eb00000, 0x000000008eb00000, 0x000000008ec00000|  0%| F|  |TAMS 0x000000008eb00000, 0x000000008eb00000| Untracked 
|  74|0x000000008ec00000, 0x000000008ec00000, 0x000000008ed00000|  0%| F|  |TAMS 0x000000008ec00000, 0x000000008ec00000| Untracked 
|  75|0x000000008ed00000, 0x000000008ed00000, 0x000000008ee00000|  0%| F|  |TAMS 0x000000008ed00000, 0x000000008ed00000| Untracked 
|  76|0x000000008ee00000, 0x000000008ee00000, 0x000000008ef00000|  0%| F|  |TAMS 0x000000008ee00000, 0x000000008ee00000| Untracked 
|  77|0x000000008ef00000, 0x000000008ef00000, 0x000000008f000000|  0%| F|  |TAMS 0x000000008ef00000, 0x000000008ef00000| Untracked 
|  78|0x000000008f000000, 0x000000008f000000, 0x000000008f100000|  0%| F|  |TAMS 0x000000008f000000, 0x000000008f000000| Untracked 
|  79|0x000000008f100000, 0x000000008f100000, 0x000000008f200000|  0%| F|  |TAMS 0x000000008f100000, 0x000000008f100000| Untracked 
|  80|0x000000008f200000, 0x000000008f200000, 0x000000008f300000|  0%| F|  |TAMS 0x000000008f200000, 0x000000008f200000| Untracked 
|  81|0x000000008f300000, 0x000000008f300000, 0x000000008f400000|  0%| F|  |TAMS 0x000000008f300000, 0x000000008f300000| Untracked 
|  82|0x000000008f400000, 0x000000008f400000, 0x000000008f500000|  0%| F|  |TAMS 0x000000008f400000, 0x000000008f400000| Untracked 
|  83|0x000000008f500000, 0x000000008f500000, 0x000000008f600000|  0%| F|  |TAMS 0x000000008f500000, 0x000000008f500000| Untracked 
|  84|0x000000008f600000, 0x000000008f600000, 0x000000008f700000|  0%| F|  |TAMS 0x000000008f600000, 0x000000008f600000| Untracked 
|  85|0x000000008f700000, 0x000000008f700000, 0x000000008f800000|  0%| F|  |TAMS 0x000000008f700000, 0x000000008f700000| Untracked 
|  86|0x000000008f800000, 0x000000008f800000, 0x000000008f900000|  0%| F|  |TAMS 0x000000008f800000, 0x000000008f800000| Untracked 
|  87|0x000000008f900000, 0x000000008f900000, 0x000000008fa00000|  0%| F|  |TAMS 0x000000008f900000, 0x000000008f900000| Untracked 
|  88|0x000000008fa00000, 0x000000008fa00000, 0x000000008fb00000|  0%| F|  |TAMS 0x000000008fa00000, 0x000000008fa00000| Untracked 
|  89|0x000000008fb00000, 0x000000008fb00000, 0x000000008fc00000|  0%| F|  |TAMS 0x000000008fb00000, 0x000000008fb00000| Untracked 
|  90|0x000000008fc00000, 0x000000008fc00000, 0x000000008fd00000|  0%| F|  |TAMS 0x000000008fc00000, 0x000000008fc00000| Untracked 
|  91|0x000000008fd00000, 0x000000008fd00000, 0x000000008fe00000|  0%| F|  |TAMS 0x000000008fd00000, 0x000000008fd00000| Untracked 
|  92|0x000000008fe00000, 0x000000008fe00000, 0x000000008ff00000|  0%| F|  |TAMS 0x000000008fe00000, 0x000000008fe00000| Untracked 
|  93|0x000000008ff00000, 0x000000008ff00000, 0x0000000090000000|  0%| F|  |TAMS 0x000000008ff00000, 0x000000008ff00000| Untracked 
|  94|0x0000000090000000, 0x0000000090000000, 0x0000000090100000|  0%| F|  |TAMS 0x0000000090000000, 0x0000000090000000| Untracked 
|  95|0x0000000090100000, 0x0000000090100000, 0x0000000090200000|  0%| F|  |TAMS 0x0000000090100000, 0x0000000090100000| Untracked 
|  96|0x0000000090200000, 0x0000000090200000, 0x0000000090300000|  0%| F|  |TAMS 0x0000000090200000, 0x0000000090200000| Untracked 
|  97|0x0000000090300000, 0x0000000090300000, 0x0000000090400000|  0%| F|  |TAMS 0x0000000090300000, 0x0000000090300000| Untracked 
|  98|0x0000000090400000, 0x0000000090400000, 0x0000000090500000|  0%| F|  |TAMS 0x0000000090400000, 0x0000000090400000| Untracked 
|  99|0x0000000090500000, 0x0000000090500000, 0x0000000090600000|  0%| F|  |TAMS 0x0000000090500000, 0x0000000090500000| Untracked 
| 100|0x0000000090600000, 0x0000000090600000, 0x0000000090700000|  0%| F|  |TAMS 0x0000000090600000, 0x0000000090600000| Untracked 
| 101|0x0000000090700000, 0x0000000090700000, 0x0000000090800000|  0%| F|  |TAMS 0x0000000090700000, 0x0000000090700000| Untracked 
| 102|0x0000000090800000, 0x0000000090800000, 0x0000000090900000|  0%| F|  |TAMS 0x0000000090800000, 0x0000000090800000| Untracked 
| 103|0x0000000090900000, 0x0000000090900000, 0x0000000090a00000|  0%| F|  |TAMS 0x0000000090900000, 0x0000000090900000| Untracked 
| 104|0x0000000090a00000, 0x0000000090a00000, 0x0000000090b00000|  0%| F|  |TAMS 0x0000000090a00000, 0x0000000090a00000| Untracked 
| 105|0x0000000090b00000, 0x0000000090b00000, 0x0000000090c00000|  0%| F|  |TAMS 0x0000000090b00000, 0x0000000090b00000| Untracked 
| 106|0x0000000090c00000, 0x0000000090c00000, 0x0000000090d00000|  0%| F|  |TAMS 0x0000000090c00000, 0x0000000090c00000| Untracked 
| 107|0x0000000090d00000, 0x0000000090d00000, 0x0000000090e00000|  0%| F|  |TAMS 0x0000000090d00000, 0x0000000090d00000| Untracked 
| 108|0x0000000090e00000, 0x0000000090e00000, 0x0000000090f00000|  0%| F|  |TAMS 0x0000000090e00000, 0x0000000090e00000| Untracked 
| 109|0x0000000090f00000, 0x0000000090f00000, 0x0000000091000000|  0%| F|  |TAMS 0x0000000090f00000, 0x0000000090f00000| Untracked 
| 110|0x0000000091000000, 0x0000000091000000, 0x0000000091100000|  0%| F|  |TAMS 0x0000000091000000, 0x0000000091000000| Untracked 
| 111|0x0000000091100000, 0x00000000911fa160, 0x0000000091200000| 97%| E|  |TAMS 0x0000000091100000, 0x0000000091100000| Complete 
| 112|0x0000000091200000, 0x0000000091300000, 0x0000000091300000|100%| E|CS|TAMS 0x0000000091200000, 0x0000000091200000| Complete 
| 113|0x0000000091300000, 0x0000000091400000, 0x0000000091400000|100%| E|CS|TAMS 0x0000000091300000, 0x0000000091300000| Complete 
| 114|0x0000000091400000, 0x0000000091500000, 0x0000000091500000|100%| E|CS|TAMS 0x0000000091400000, 0x0000000091400000| Complete 
| 115|0x0000000091500000, 0x0000000091600000, 0x0000000091600000|100%| E|CS|TAMS 0x0000000091500000, 0x0000000091500000| Complete 
| 116|0x0000000091600000, 0x0000000091700000, 0x0000000091700000|100%| E|CS|TAMS 0x0000000091600000, 0x0000000091600000| Complete 
| 117|0x0000000091700000, 0x0000000091800000, 0x0000000091800000|100%| E|CS|TAMS 0x0000000091700000, 0x0000000091700000| Complete 

Card table byte_map: [0x00000224723e0000,0x0000022472790000] _byte_map_base: 0x0000022471f8f000

Marking Bits (Prev, Next): (CMBitMap*) 0x00000224697ee478, (CMBitMap*) 0x00000224697ee4b0
 Prev Bits: [0x0000022472b40000, 0x00000224748b8000)
 Next Bits: [0x00000224748c0000, 0x0000022476638000)

Polling page: 0x0000022468f80000

Metaspace:

Usage:
  Non-class:      8.76 MB capacity,     8.69 MB (>99%) used,    69.12 KB ( <1%) free+waste,     8.25 KB ( <1%) overhead. 
      Class:    876.00 KB capacity,   841.81 KB ( 96%) used,    31.06 KB (  4%) free+waste,     3.13 KB ( <1%) overhead. 
       Both:      9.62 MB capacity,     9.51 MB ( 99%) used,   100.18 KB (  1%) free+waste,    11.38 KB ( <1%) overhead. 

Virtual space:
  Non-class space:       10.00 MB reserved,       9.00 MB ( 90%) committed 
      Class space:        1.00 GB reserved,     896.00 KB ( <1%) committed 
             Both:        1.01 GB reserved,       9.88 MB ( <1%) committed 

Chunk freelists:
   Non-Class:  51.00 KB
       Class:  20.00 KB
        Both:  71.00 KB

MaxMetaspaceSize: 17179869184.00 GB
CompressedClassSpaceSize: 1.00 GB
Initial GC threshold: 20.80 MB
Current GC threshold: 20.80 MB
CDS: off

CodeHeap 'non-profiled nmethods': size=120064Kb used=137Kb max_used=137Kb free=119927Kb
 bounds [0x0000022407ac0000, 0x0000022407d30000, 0x000002240f000000]
CodeHeap 'profiled nmethods': size=120000Kb used=700Kb max_used=700Kb free=119299Kb
 bounds [0x0000022400590000, 0x0000022400800000, 0x0000022407ac0000]
CodeHeap 'non-nmethods': size=5696Kb used=1195Kb max_used=1212Kb free=4500Kb
 bounds [0x0000022400000000, 0x0000022400270000, 0x0000022400590000]
 total_blobs=831 nmethods=465 adapters=287
 compilation: enabled
              stopped_count=0, restarted_count=0
 full_count=0

Compilation events (20 events):
Event: 126.536 Thread 0x0000022478e97800  456       3       org.eclipse.jdt.launching.internal.org.objectweb.asm.ClassReader::readUtf (44 bytes)
Event: 126.536 Thread 0x000002247978c000  459       4       java.lang.StringUTF16::compress (50 bytes)
Event: 126.540 Thread 0x0000022478e97800 nmethod 456 0x000002240063c190 code [0x000002240063c380, 0x000002240063c7e8]
Event: 126.540 Thread 0x0000022478e97800  458       3       org.eclipse.jdt.launching.internal.org.objectweb.asm.ClassReader::getItem (7 bytes)
Event: 126.540 Thread 0x0000022478e97800 nmethod 458 0x000002240063ca10 code [0x000002240063cbc0, 0x000002240063ccf8]
Event: 126.540 Thread 0x0000022478e97800  457       1       java.security.ProtectionDomain::getCodeSource (5 bytes)
Event: 126.541 Thread 0x0000022478e97800 nmethod 457 0x0000022407ae1a10 code [0x0000022407ae1bc0, 0x0000022407ae1c78]
Event: 126.546 Thread 0x000002247978c000 nmethod 459 0x0000022407ae1d10 code [0x0000022407ae1ea0, 0x0000022407ae22d8]
Event: 160.086 Thread 0x0000022478e97800  460       3       org.eclipse.jdt.launching.internal.org.objectweb.asm.ClassReader::readUTF8 (23 bytes)
Event: 160.086 Thread 0x0000022478e97800 nmethod 460 0x000002240063ce10 code [0x000002240063cfe0, 0x000002240063d288]
Event: 160.086 Thread 0x0000022478e97800  461       3       org.eclipse.jdt.launching.internal.org.objectweb.asm.SymbolTable$Entry::<init> (17 bytes)
Event: 160.089 Thread 0x0000022478e97800 nmethod 461 0x000002240063d410 code [0x000002240063d5c0, 0x000002240063d748]
Event: 160.089 Thread 0x0000022478e97800  462       3       org.eclipse.jdt.launching.internal.org.objectweb.asm.Symbol::<init> (38 bytes)
Event: 160.090 Thread 0x0000022478e97800 nmethod 462 0x000002240063d810 code [0x000002240063d9c0, 0x000002240063dc58]
Event: 160.090 Thread 0x0000022478e97800  463       3       org.eclipse.jdt.launching.internal.org.objectweb.asm.SymbolTable::add (39 bytes)
Event: 160.090 Thread 0x0000022478e97800 nmethod 463 0x000002240063dd90 code [0x000002240063df60, 0x000002240063e298]
Event: 160.090 Thread 0x0000022478e97800  464       3       org.eclipse.jdt.launching.internal.org.objectweb.asm.SymbolTable::hash (10 bytes)
Event: 160.090 Thread 0x0000022478e97800 nmethod 464 0x000002240063e410 code [0x000002240063e5c0, 0x000002240063e6e8]
Event: 994.119 Thread 0x0000022478e97800  465       3       org.eclipse.jdt.launching.internal.org.objectweb.asm.ClassReader::readUtf (161 bytes)
Event: 994.119 Thread 0x0000022478e97800 nmethod 465 0x000002240063e810 code [0x000002240063ea20, 0x000002240063eff8]

GC Heap History (0 events):
No events

Deoptimization events (4 events):
Event: 0.266 Thread 0x00000224697ac800 Uncommon trap: trap_request=0xffffff4d fr.pc=0x0000022407acd524 relative=0x0000000000000f24
Event: 0.266 Thread 0x00000224697ac800 Uncommon trap: reason=unstable_if action=reinterpret pc=0x0000022407acd524 method=java.util.HashMap.putVal(ILjava/lang/Object;Ljava/lang/Object;ZZ)Ljava/lang/Object; @ 181 c2
Event: 0.266 Thread 0x00000224697ac800 DEOPT PACKING pc=0x0000022407acd524 sp=0x00000083053fe170
Event: 0.266 Thread 0x00000224697ac800 DEOPT UNPACKING pc=0x000002240004a1af sp=0x00000083053fe120 mode 2

Classes redefined (6 events):
Event: 126.539 Thread 0x0000022478e39000 redefined class name=ex30.Solution, count=1
Event: 126.540 Thread 0x0000022478e39000 redefined class name=ex30.Main, count=1
Event: 160.088 Thread 0x0000022478e39000 redefined class name=ex30.Solution, count=2
Event: 160.089 Thread 0x0000022478e39000 redefined class name=ex30.Main, count=2
Event: 994.121 Thread 0x0000022478e39000 redefined class name=ex30.Solution, count=3
Event: 994.122 Thread 0x0000022478e39000 redefined class name=ex30.Main, count=3

Internal exceptions (0 events):
No events

Events (20 events):
Event: 994.133 Executing VM operation: ChangeBreakpoints
Event: 994.133 Executing VM operation: ChangeBreakpoints done
Event: 994.136 Executing VM operation: ChangeBreakpoints
Event: 994.136 Executing VM operation: ChangeBreakpoints done
Event: 994.139 Executing VM operation: ChangeBreakpoints
Event: 994.140 Executing VM operation: ChangeBreakpoints done
Event: 994.143 Executing VM operation: ChangeBreakpoints
Event: 994.143 Executing VM operation: ChangeBreakpoints done
Event: 994.147 Executing VM operation: ChangeBreakpoints
Event: 994.147 Executing VM operation: ChangeBreakpoints done
Event: 994.148 Executing VM operation: GetFrameCount
Event: 994.148 Executing VM operation: GetFrameCount done
Event: 994.148 Executing VM operation: GetStackTrace
Event: 994.148 Executing VM operation: GetStackTrace done
Event: 994.173 Executing VM operation: GetFrameCount
Event: 994.173 Executing VM operation: GetFrameCount done
Event: 994.173 Executing VM operation: GetOwnedMonitorInfo
Event: 994.173 Executing VM operation: GetOwnedMonitorInfo done
Event: 994.174 Executing VM operation: GetCurrentContendedMonitor
Event: 994.174 Executing VM operation: GetCurrentContendedMonitor done


Dynamic libraries:
0x00007ff7b0e90000 - 0x00007ff7b0e9d000 	C:\Program Files\Eclipse Adoptium\jdk-11.0.17.8-hotspot\bin\javaw.exe
0x00007ff894530000 - 0x00007ff894747000 	C:\WINDOWS\SYSTEM32\ntdll.dll
0x00007ff8930c0000 - 0x00007ff893184000 	C:\WINDOWS\System32\KERNEL32.DLL
0x00007ff891950000 - 0x00007ff891d20000 	C:\WINDOWS\System32\KERNELBASE.dll
0x00007ff891fe0000 - 0x00007ff8920f1000 	C:\WINDOWS\System32\ucrtbase.dll
0x00007ff88cf80000 - 0x00007ff88cf95000 	C:\Program Files\Eclipse Adoptium\jdk-11.0.17.8-hotspot\bin\VCRUNTIME140.dll
0x00007ff888b40000 - 0x00007ff888b57000 	C:\Program Files\Eclipse Adoptium\jdk-11.0.17.8-hotspot\bin\jli.dll
0x00007ff892280000 - 0x00007ff89242e000 	C:\WINDOWS\System32\USER32.dll
0x00007ff8917e0000 - 0x00007ff891806000 	C:\WINDOWS\System32\win32u.dll
0x00007ff8941a0000 - 0x00007ff8941c9000 	C:\WINDOWS\System32\GDI32.dll
0x00007ff891e90000 - 0x00007ff891fab000 	C:\WINDOWS\System32\gdi32full.dll
0x00007ff892100000 - 0x00007ff89219a000 	C:\WINDOWS\System32\msvcp_win.dll
0x00007ff8794d0000 - 0x00007ff879762000 	C:\WINDOWS\WinSxS\amd64_microsoft.windows.common-controls_6595b64144ccf1df_6.0.22621.4830_none_270fe7d773858e80\COMCTL32.dll
0x00007ff892cb0000 - 0x00007ff892d57000 	C:\WINDOWS\System32\msvcrt.dll
0x00007ff893890000 - 0x00007ff8938c1000 	C:\WINDOWS\System32\IMM32.DLL
0x00007ff85c8e0000 - 0x00007ff85c97b000 	C:\Program Files\Eclipse Adoptium\jdk-11.0.17.8-hotspot\bin\msvcp140.dll
0x00007ff82def0000 - 0x00007ff82ea72000 	C:\Program Files\Eclipse Adoptium\jdk-11.0.17.8-hotspot\bin\server\jvm.dll
0x00007ff892f90000 - 0x00007ff893041000 	C:\WINDOWS\System32\ADVAPI32.dll
0x00007ff8941d0000 - 0x00007ff894277000 	C:\WINDOWS\System32\sechost.dll
0x00007ff891fb0000 - 0x00007ff891fd8000 	C:\WINDOWS\System32\bcrypt.dll
0x00007ff8943d0000 - 0x00007ff8944e4000 	C:\WINDOWS\System32\RPCRT4.dll
0x00007ff893e70000 - 0x00007ff893e78000 	C:\WINDOWS\System32\PSAPI.DLL
0x00007ff882a80000 - 0x00007ff882a89000 	C:\WINDOWS\SYSTEM32\WSOCK32.dll
0x00007ff886f20000 - 0x00007ff886f2a000 	C:\WINDOWS\SYSTEM32\VERSION.dll
0x00007ff894120000 - 0x00007ff894191000 	C:\WINDOWS\System32\WS2_32.dll
0x00007ff88f0d0000 - 0x00007ff88f104000 	C:\WINDOWS\SYSTEM32\WINMM.dll
0x00007ff890780000 - 0x00007ff890798000 	C:\WINDOWS\SYSTEM32\kernel.appcore.dll
0x00007ff888b10000 - 0x00007ff888b20000 	C:\Program Files\Eclipse Adoptium\jdk-11.0.17.8-hotspot\bin\verify.dll
0x00007ff88ee90000 - 0x00007ff88f0c2000 	C:\WINDOWS\SYSTEM32\DBGHELP.DLL
0x00007ff8933a0000 - 0x00007ff893730000 	C:\WINDOWS\System32\combase.dll
0x00007ff893240000 - 0x00007ff893317000 	C:\WINDOWS\System32\OLEAUT32.dll
0x00007ff88ee50000 - 0x00007ff88ee82000 	C:\WINDOWS\SYSTEM32\dbgcore.DLL
0x00007ff891810000 - 0x00007ff89188b000 	C:\WINDOWS\System32\bcryptPrimitives.dll
0x00007ff881510000 - 0x00007ff881538000 	C:\Program Files\Eclipse Adoptium\jdk-11.0.17.8-hotspot\bin\java.dll
0x00007ff886f40000 - 0x00007ff886f4a000 	C:\Program Files\Eclipse Adoptium\jdk-11.0.17.8-hotspot\bin\jimage.dll
0x00007ff873020000 - 0x00007ff873058000 	C:\Program Files\Eclipse Adoptium\jdk-11.0.17.8-hotspot\bin\jdwp.dll
0x00007ff8864d0000 - 0x00007ff8864de000 	C:\Program Files\Eclipse Adoptium\jdk-11.0.17.8-hotspot\bin\instrument.dll
0x00007ff87f300000 - 0x00007ff87f318000 	C:\Program Files\Eclipse Adoptium\jdk-11.0.17.8-hotspot\bin\zip.dll
0x00007ff892430000 - 0x00007ff892ca8000 	C:\WINDOWS\System32\SHELL32.dll
0x00007ff88f6e0000 - 0x00007ff88fff0000 	C:\WINDOWS\SYSTEM32\windows.storage.dll
0x00007ff88f5a0000 - 0x00007ff88f6df000 	C:\WINDOWS\SYSTEM32\wintypes.dll
0x00007ff8938d0000 - 0x00007ff8939da000 	C:\WINDOWS\System32\SHCORE.dll
0x00007ff892220000 - 0x00007ff89227e000 	C:\WINDOWS\System32\shlwapi.dll
0x00007ff891710000 - 0x00007ff89173b000 	C:\WINDOWS\SYSTEM32\profapi.dll
0x00007ff8824e0000 - 0x00007ff8824ea000 	C:\Program Files\Eclipse Adoptium\jdk-11.0.17.8-hotspot\bin\dt_socket.dll
0x00007ff890c50000 - 0x00007ff890cba000 	C:\WINDOWS\System32\mswsock.dll
0x00007ff890310000 - 0x00007ff890412000 	C:\WINDOWS\SYSTEM32\DNSAPI.dll
0x00007ff890250000 - 0x00007ff89027d000 	C:\WINDOWS\SYSTEM32\IPHLPAPI.DLL
0x00007ff893e60000 - 0x00007ff893e69000 	C:\WINDOWS\System32\NSI.dll
0x00007ff889c80000 - 0x00007ff889d03000 	C:\WINDOWS\System32\fwpuclnt.dll
0x00007ff888530000 - 0x00007ff88853a000 	C:\Windows\System32\rasadhlp.dll
0x00007ff8743c0000 - 0x00007ff8743d9000 	C:\Program Files\Eclipse Adoptium\jdk-11.0.17.8-hotspot\bin\net.dll
0x00007ff88a860000 - 0x00007ff88a98c000 	C:\WINDOWS\SYSTEM32\WINHTTP.dll
0x00007ff8742f0000 - 0x00007ff874303000 	C:\Program Files\Eclipse Adoptium\jdk-11.0.17.8-hotspot\bin\nio.dll

dbghelp: loaded successfully - version: 4.0.5 - missing functions: none
symbol engine: initialized successfully - sym options: 0x614 - pdb path: .;C:\Program Files\Eclipse Adoptium\jdk-11.0.17.8-hotspot\bin;C:\WINDOWS\SYSTEM32;C:\WINDOWS\WinSxS\amd64_microsoft.windows.common-controls_6595b64144ccf1df_6.0.22621.4830_none_270fe7d773858e80;C:\Program Files\Eclipse Adoptium\jdk-11.0.17.8-hotspot\bin\server

VM Arguments:
jvm_args: -agentlib:jdwp=transport=dt_socket,suspend=y,address=localhost:54705 -javaagent:C:\sts-bundle\sts-3.9.16.RELEASE\configuration\org.eclipse.osgi\301\0\.cp\lib\javaagent-shaded.jar -Dfile.encoding=UTF-8 
java_command: ex30.Main
java_class_path (initial): C:\STUDY\ALGO\Lv2\bin
Launcher Type: SUN_STANDARD

[Global flags]
     intx CICompilerCount                          = 3                                         {product} {ergonomic}
     uint ConcGCThreads                            = 2                                         {product} {ergonomic}
     uint G1ConcRefinementThreads                  = 6                                         {product} {ergonomic}
   size_t G1HeapRegionSize                         = 1048576                                   {product} {ergonomic}
    uintx GCDrainStackTargetSize                   = 64                                        {product} {ergonomic}
   size_t InitialHeapSize                          = 123731968                                 {product} {ergonomic}
   size_t MarkStackSize                            = 4194304                                   {product} {ergonomic}
   size_t MaxHeapSize                              = 1977614336                                {product} {ergonomic}
   size_t MaxNewSize                               = 1185939456                                {product} {ergonomic}
   size_t MinHeapDeltaBytes                        = 1048576                                   {product} {ergonomic}
    uintx NonNMethodCodeHeapSize                   = 5830732                                {pd product} {ergonomic}
    uintx NonProfiledCodeHeapSize                  = 122913754                              {pd product} {ergonomic}
    uintx ProfiledCodeHeapSize                     = 122913754                              {pd product} {ergonomic}
    uintx ReservedCodeCacheSize                    = 251658240                              {pd product} {ergonomic}
     bool SegmentedCodeCache                       = true                                      {product} {ergonomic}
     bool UseCompressedClassPointers               = true                                 {lp64_product} {ergonomic}
     bool UseCompressedOops                        = true                                 {lp64_product} {ergonomic}
     bool UseG1GC                                  = true                                      {product} {ergonomic}
     bool UseLargePagesIndividualAllocation        = false                                  {pd product} {ergonomic}

Logging:
Log output configuration:
 #0: stdout all=warning uptime,level,tags
 #1: stderr all=off uptime,level,tags

Environment Variables:
JAVA_HOME=C:\jdk-17
PATH=C:\jdk-17\bin;C:\Program Files\Eclipse Adoptium\jdk-11.0.17.8-hotspot\bin;C:\WINDOWS\system32;C:\WINDOWS;C:\WINDOWS\System32\Wbem;C:\WINDOWS\System32\WindowsPowerShell\v1.0\;C:\WINDOWS\System32\OpenSSH\;C:\jdk-17\bin;C:\Program Files\Git\cmd;C:\Program Files\Docker\Docker\resources\bin;C:\Program Files (x86)\PuTTY\;C:\Program Files\Wondershare\Wondershare DemoCreator (Korean);C:\Program Files\MariaDB 11.1\bin;C:\Users\82102\AppData\Local\Microsoft\WindowsApps;C:\Users\82102\AppData\Local\atom\bin;C:\Users\82102\AppData\Local\Microsoft\WindowsApps;C:\Users\82102\AppData\Local\Programs\Microsoft VS Code\bin;C:\Users\82102\AppData\Local\GitHubDesktop\bin
USERNAME=82102
OS=Windows_NT
PROCESSOR_IDENTIFIER=AMD64 Family 23 Model 96 Stepping 1, AuthenticAMD
TMP=C:\Users\82102\AppData\Local\Temp
TEMP=C:\Users\82102\AppData\Local\Temp



---------------  S Y S T E M  ---------------

OS: Windows 11 , 64 bit Build 22621 (10.0.22621.4830)
OS uptime: 8 days 4:13 hours
Hyper-V role detected

CPU:total 6 (initial active 6) (6 cores per cpu, 1 threads per core) family 23 model 96 stepping 1 microcode 0x0, cmov, cx8, fxsr, mmx, sse, sse2, sse3, ssse3, sse4.1, sse4.2, popcnt, avx, avx2, aes, clmul, mmxext, 3dnowpref, lzcnt, sse4a, tsc, tscinvbit, tscinv, bmi1, bmi2, adx, sha, fma

Memory: 4k page, system-wide physical 7542M (976M free)
TotalPageFile size 17139M (AvailPageFile size 3158M)
current process WorkingSet (physical memory assigned to process): 43M, peak: 50M
current process commit charge ("private bytes"): 196M, peak: 200M

vm_info: OpenJDK 64-Bit Server VM (11.0.17+8) for windows-amd64 JRE (11.0.17+8), built on Oct 19 2022 00:04:05 by "" with MS VC++ 15.9 (VS2017)

END.
